PLUMED: PLUMED is starting
PLUMED: Version: 2.5.7 (git: Unknown) compiled on Mar 20 2024 at 12:10:01
PLUMED: Please cite these papers when using PLUMED [1][2]
PLUMED: For further information see the PLUMED web page at http://www.plumed.org
PLUMED: Root: /rs1/researchers/w/wjpfaend/rahul/MLP/DeePMD-kit/plumed-2.5.7/
PLUMED: For installed feature, see /rs1/researchers/w/wjpfaend/rahul/MLP/DeePMD-kit/plumed-2.5.7//src/config/config.txt
PLUMED: Molecular dynamics engine: LAMMPS
PLUMED: Precision of reals: 8
PLUMED: Running over 3 nodes
PLUMED: Number of threads: 1
PLUMED: Cache line size: 512
PLUMED: Number of atoms: 10
PLUMED: File suffix: 
PLUMED: FILE: plumed.dat
PLUMED: Action UNITS
PLUMED:   with label @0
PLUMED:   length: A = 0.1 nm
PLUMED:   energy: kcal/mol = 4.184 kj/mol
PLUMED:   time: ps
PLUMED:   charge: e
PLUMED:   mass: amu
PLUMED:   using physical units
PLUMED:   inside PLUMED, Boltzmann constant is 0.0019872
PLUMED: Action DISTANCE
PLUMED:   with label d1
PLUMED:   between atoms 1 4
PLUMED:   using periodic boundary conditions
PLUMED: Action DISTANCE
PLUMED:   with label d2
PLUMED:   between atoms 2 1
PLUMED:   using periodic boundary conditions
PLUMED: Action DISTANCE
PLUMED:   with label d3
PLUMED:   between atoms 3 2
PLUMED:   using periodic boundary conditions
PLUMED: Action DISTANCE
PLUMED:   with label d4
PLUMED:   between atoms 4 3
PLUMED:   using periodic boundary conditions
PLUMED: Action RESTRAINT
PLUMED:   with label rest
PLUMED:   with arguments d1
PLUMED:   added component to this action:  rest.bias 
PLUMED:   at 1.900000
PLUMED:   with harmonic force constant 896.400000
PLUMED:   and linear force constant 0.000000
PLUMED:   added component to this action:  rest.force2 
PLUMED: Action FLUSH
PLUMED:   with label @6
PLUMED:   with stride 100
PLUMED: Action PRINT
PLUMED:   with label @7
PLUMED:   with stride 100
PLUMED:   with arguments d1 d2 d3 d4 rest.bias
PLUMED:   on file COLVAR
PLUMED:   with format  %f
PLUMED: END FILE: plumed.dat
PLUMED: Timestep: 0.001000
PLUMED: KbT has not been set by the MD engine
PLUMED: It should be set by hand where needed
PLUMED: Relevant bibliography:
PLUMED:   [1] The PLUMED consortium, Nat. Methods 16, 670 (2019)
PLUMED:   [2] Tribello, Bonomi, Branduardi, Camilloni, and Bussi, Comput. Phys. Commun. 185, 604 (2014)
PLUMED: Please read and cite where appropriate!
PLUMED: Finished setup
PLUMED:                                               Cycles        Total      Average      Minumum      Maximum
PLUMED:                                                    1     1.000477     1.000477     1.000477     1.000477
PLUMED: 1 Prepare dependencies                         50001     0.018375     0.000000     0.000000     0.000011
PLUMED: 2 Sharing data                                 50001     0.119845     0.000002     0.000001     0.000018
PLUMED: 3 Waiting for data                             50001     0.232749     0.000005     0.000002     0.000288
PLUMED: 4 Calculating (forward loop)                   50001     0.259405     0.000005     0.000002     0.000260
PLUMED: 5 Applying (backward loop)                     50001     0.103088     0.000002     0.000001     0.000025
PLUMED: 6 Update                                       50001     0.028468     0.000001     0.000000     0.003108
